<?xml version="1.0" encoding="UTF-8"?>
<!-- Generated by org.testng.reporters.JUnitReportReporter -->
<testsuite hostname="LAPTOP-9F12804G" failures="0" tests="2" name="testCases.TestNGAnnotations" time="0.024" errors="0" timestamp="2025-05-14T12:37:27 IST" skipped="0">
  <testcase classname="testCases.TestNGAnnotations" name="test2" time="0.011"/>
  <system-out/>
  <testcase classname="testCases.TestNGAnnotations" name="test1" time="0.013"/>
  <system-out/>
</testsuite> <!-- testCases.TestNGAnnotations -->
