<?xml version="1.0" encoding="UTF-8"?>
<!-- Generated by org.testng.reporters.JUnitReportReporter -->
<testsuite hostname="LAPTOP-9F12804G" failures="0" tests="1" name="testCases.Inventory_Page_Test" time="13.220" errors="0" timestamp="2024-08-29T12:54:41 IST" skipped="0">
  <testcase classname="testCases.Inventory_Page_Test" name="addProductTest" time="13.220"/>
  <system-out>
    <![CDATA[The count is 6]]>
  </system-out>
</testsuite> <!-- testCases.Inventory_Page_Test -->
