<?xml version="1.0" encoding="UTF-8"?>
<!-- Generated by org.testng.reporters.JUnitReportReporter -->
<testsuite hostname="LAPTOP-9F12804G" failures="0" tests="3" name="testCases.LoginPage_Test" time="14.421" errors="0" timestamp="2024-08-28T12:15:56 IST" skipped="0">
  <testcase classname="testCases.LoginPage_Test" name="LoginApplicationTest" time="4.007"/>
  <system-out>
    <![CDATA[The original url=https://www.saucedemo.com/inventory.html]]>
  </system-out>
  <testcase classname="testCases.LoginPage_Test" name="verifyUrlOfApllicationTest" time="3.609"/>
  <system-out>
    <![CDATA[The URL is=https://www.saucedemo.com/]]>
  </system-out>
  <testcase classname="testCases.LoginPage_Test" name="verifyTitleOfApplicationTest" time="6.805"/>
  <system-out>
    <![CDATA[The Title of Application=Swag Labs]]>
  </system-out>
</testsuite> <!-- testCases.LoginPage_Test -->
