<?xml version="1.0" encoding="UTF-8"?>
<!-- Generated by org.testng.reporters.JUnitReportReporter -->
<testsuite hostname="LAPTOP-9F12804G" failures="0" tests="3" name="testCases.LoginPage_Test_Day4_excelfile" time="21.652" errors="0" timestamp="2024-08-31T11:49:53 IST" skipped="0">
  <testcase classname="testCases.LoginPage_Test_Day4_excelfile" name="verifyTitleOfApplicationTest" time="5.778"/>
  <system-out>
    <![CDATA[The Title of Application=Swag Labs]]>
  </system-out>
  <testcase classname="testCases.LoginPage_Test_Day4_excelfile" name="LoginApplicationTest" time="8.198"/>
  <system-out>
    <![CDATA[The original url=https://www.saucedemo.com/inventory.html]]>
  </system-out>
  <testcase classname="testCases.LoginPage_Test_Day4_excelfile" name="verifyUrlOfApllicationTest" time="7.676"/>
  <system-out>
    <![CDATA[The URL is=https://www.saucedemo.com/]]>
  </system-out>
</testsuite> <!-- testCases.LoginPage_Test_Day4_excelfile -->
