<?xml version="1.0" encoding="UTF-8"?>
<!-- Generated by org.testng.reporters.JUnitReportReporter -->
<testsuite hostname="LAPTOP-9F12804G" failures="0" tests="1" name="testCases.Inventory_Page_Test_Day_4_removecart" time="20.855" errors="0" timestamp="2024-08-31T15:20:55 IST" skipped="0">
  <testcase classname="testCases.Inventory_Page_Test_Day_4_removecart" name="veriFyCartOpetionTest" time="20.855"/>
  <system-out/>
</testsuite> <!-- testCases.Inventory_Page_Test_Day_4_removecart -->
